<?xml version="1.0" encoding="UTF-8"?>
<!-- Generated by org.testng.reporters.JUnitXMLReporter -->
<testsuite ignored="0" hostname="Garima" failures="0" tests="4" name="Default test" time="8.434" errors="0" timestamp="2023-07-27T17:53:24 IST">
  <testcase classname="api.test.UserTests" name="testPostUser" time="2.95"/>
  <testcase classname="api.test.UserTests" name="TesrGtUserbyUsername" time="1.235"/>
  <testcase classname="api.test.UserTests" name="testUpdateUser" time="2.309"/>
  <testcase classname="api.test.UserTests" name="testDeleteUserByName" time="1.144"/>
</testsuite> <!-- Default test -->
