<?xml version="1.0" encoding="UTF-8"?>
<!-- Generated by org.testng.reporters.JUnitXMLReporter -->
<testsuite ignored="0" hostname="Garima" failures="0" tests="4" name="Test" time="8.119" errors="0" timestamp="2023-07-27T17:55:24 IST">
  <testcase classname="api.test.UserTests" name="testPostUser" time="2.633"/>
  <testcase classname="api.test.UserTests" name="TesrGtUserbyUsername" time="1.149"/>
  <testcase classname="api.test.UserTests" name="testUpdateUser" time="2.551"/>
  <testcase classname="api.test.UserTests" name="testDeleteUserByName" time="1.122"/>
</testsuite> <!-- Test -->
