<?xml version="1.0" encoding="UTF-8"?>
<!-- Generated by org.testng.reporters.JUnitXMLReporter -->
<testsuite ignored="0" hostname="Garima" failures="0" tests="4" name="Test" time="8.856" errors="0" timestamp="2023-07-27T21:23:56 IST">
  <testcase classname="api.test.UserTests2" name="testPostUser" time="3.124"/>
  <testcase classname="api.test.UserTests2" name="TesrGtUserbyUsername" time="1.396"/>
  <testcase classname="api.test.UserTests2" name="testUpdateUser" time="2.474"/>
  <testcase classname="api.test.UserTests2" name="testDeleteUserByName" time="1.11"/>
</testsuite> <!-- Test -->
