<?xml version="1.0" encoding="UTF-8"?>
<testng-results ignored="0" total="4" passed="4" failed="0" skipped="0">
  <reporter-output>
  </reporter-output>
  <suite started-at="2023-07-27T21:23:47 IST" name="Suite" finished-at="2023-07-27T21:23:56 IST" duration-ms="8856">
    <groups>
    </groups>
    <test started-at="2023-07-27T21:23:47 IST" name="Test" finished-at="2023-07-27T21:23:56 IST" duration-ms="8856">
      <class name="api.test.UserTests2">
        <test-method is-config="true" signature="setUpData()[pri:0, instance:api.test.UserTests2@130161f7]" started-at="2023-07-27T21:23:47 IST" name="setUpData" finished-at="2023-07-27T21:23:48 IST" duration-ms="711" status="PASS">
          <reporter-output>
          </reporter-output>
        </test-method> <!-- setUpData -->
        <test-method signature="testPostUser()[pri:1, instance:api.test.UserTests2@130161f7]" started-at="2023-07-27T21:23:48 IST" name="testPostUser" finished-at="2023-07-27T21:23:51 IST" duration-ms="3124" status="PASS">
          <reporter-output>
          </reporter-output>
        </test-method> <!-- testPostUser -->
        <test-method signature="TesrGtUserbyUsername()[pri:2, instance:api.test.UserTests2@130161f7]" started-at="2023-07-27T21:23:51 IST" name="TesrGtUserbyUsername" finished-at="2023-07-27T21:23:53 IST" duration-ms="1396" status="PASS">
          <reporter-output>
          </reporter-output>
        </test-method> <!-- TesrGtUserbyUsername -->
        <test-method signature="testUpdateUser()[pri:3, instance:api.test.UserTests2@130161f7]" started-at="2023-07-27T21:23:53 IST" name="testUpdateUser" finished-at="2023-07-27T21:23:55 IST" duration-ms="2474" status="PASS">
          <reporter-output>
          </reporter-output>
        </test-method> <!-- testUpdateUser -->
        <test-method signature="testDeleteUserByName()[pri:4, instance:api.test.UserTests2@130161f7]" started-at="2023-07-27T21:23:55 IST" name="testDeleteUserByName" finished-at="2023-07-27T21:23:56 IST" duration-ms="1110" status="PASS">
          <reporter-output>
          </reporter-output>
        </test-method> <!-- testDeleteUserByName -->
      </class> <!-- api.test.UserTests2 -->
    </test> <!-- Test -->
  </suite> <!-- Suite -->
</testng-results>
