<?xml version="1.0" encoding="UTF-8"?>
<testng-results ignored="0" total="4" passed="4" failed="0" skipped="0">
  <reporter-output>
  </reporter-output>
  <suite started-at="2023-07-27T17:55:16 IST" name="Suite" finished-at="2023-07-27T17:55:24 IST" duration-ms="8119">
    <groups>
    </groups>
    <test started-at="2023-07-27T17:55:16 IST" name="Test" finished-at="2023-07-27T17:55:24 IST" duration-ms="8119">
      <class name="api.test.UserTests">
        <test-method is-config="true" signature="setUpData()[pri:0, instance:api.test.UserTests@3a93b025]" started-at="2023-07-27T17:55:16 IST" name="setUpData" finished-at="2023-07-27T17:55:17 IST" duration-ms="615" status="PASS">
          <reporter-output>
          </reporter-output>
        </test-method> <!-- setUpData -->
        <test-method signature="testPostUser()[pri:1, instance:api.test.UserTests@3a93b025]" started-at="2023-07-27T17:55:17 IST" name="testPostUser" finished-at="2023-07-27T17:55:19 IST" duration-ms="2633" status="PASS">
          <reporter-output>
          </reporter-output>
        </test-method> <!-- testPostUser -->
        <test-method signature="TesrGtUserbyUsername()[pri:2, instance:api.test.UserTests@3a93b025]" started-at="2023-07-27T17:55:19 IST" name="TesrGtUserbyUsername" finished-at="2023-07-27T17:55:21 IST" duration-ms="1149" status="PASS">
          <reporter-output>
          </reporter-output>
        </test-method> <!-- TesrGtUserbyUsername -->
        <test-method signature="testUpdateUser()[pri:3, instance:api.test.UserTests@3a93b025]" started-at="2023-07-27T17:55:21 IST" name="testUpdateUser" finished-at="2023-07-27T17:55:23 IST" duration-ms="2551" status="PASS">
          <reporter-output>
          </reporter-output>
        </test-method> <!-- testUpdateUser -->
        <test-method signature="testDeleteUserByName()[pri:4, instance:api.test.UserTests@3a93b025]" started-at="2023-07-27T17:55:23 IST" name="testDeleteUserByName" finished-at="2023-07-27T17:55:24 IST" duration-ms="1122" status="PASS">
          <reporter-output>
          </reporter-output>
        </test-method> <!-- testDeleteUserByName -->
      </class> <!-- api.test.UserTests -->
    </test> <!-- Test -->
  </suite> <!-- Suite -->
</testng-results>
